0 info it worked if it ends with ok
1 verbose cli [ '/usr/bin/node', '/usr/bin/npm', 'publish', './' ]
2 info using npm@1.4.28
3 info using node@v0.10.35
4 verbose node symlink /usr/bin/node
5 verbose publish [ './' ]
6 verbose cache add [ './', null ]
7 verbose cache add name=undefined spec="./" args=["./",null]
8 verbose parsed url { protocol: null,
8 verbose parsed url   slashes: null,
8 verbose parsed url   auth: null,
8 verbose parsed url   host: null,
8 verbose parsed url   port: null,
8 verbose parsed url   hostname: null,
8 verbose parsed url   hash: null,
8 verbose parsed url   search: null,
8 verbose parsed url   query: null,
8 verbose parsed url   pathname: './',
8 verbose parsed url   path: './',
8 verbose parsed url   href: './' }
9 silly lockFile 0ee6c175- ./
10 verbose lock ./ /home/roger/.npm/0ee6c175-.lock
11 verbose tar pack [ '/home/roger/.npm/unbabel/0.1.0/package.tgz', './' ]
12 verbose tarball /home/roger/.npm/unbabel/0.1.0/package.tgz
13 verbose folder ./
14 info prepublish unbabel@0.1.0
15 silly lockFile 04cb2bca-tar tar://./
16 verbose lock tar://./ /home/roger/.npm/04cb2bca-tar.lock
17 silly lockFile 0f620c88-er-npm-unbabel-0-1-0-package-tgz tar:///home/roger/.npm/unbabel/0.1.0/package.tgz
18 verbose lock tar:///home/roger/.npm/unbabel/0.1.0/package.tgz /home/roger/.npm/0f620c88-er-npm-unbabel-0-1-0-package-tgz.lock
19 silly lockFile 04cb2bca-tar tar://./
20 silly lockFile 04cb2bca-tar tar://./
21 silly lockFile 0f620c88-er-npm-unbabel-0-1-0-package-tgz tar:///home/roger/.npm/unbabel/0.1.0/package.tgz
22 silly lockFile 0f620c88-er-npm-unbabel-0-1-0-package-tgz tar:///home/roger/.npm/unbabel/0.1.0/package.tgz
23 silly lockFile 6d9e3756--roger-npm-unbabel-0-1-0-package /home/roger/.npm/unbabel/0.1.0/package
24 verbose lock /home/roger/.npm/unbabel/0.1.0/package /home/roger/.npm/6d9e3756--roger-npm-unbabel-0-1-0-package.lock
25 silly lockFile 6d9e3756--roger-npm-unbabel-0-1-0-package /home/roger/.npm/unbabel/0.1.0/package
26 silly lockFile 6d9e3756--roger-npm-unbabel-0-1-0-package /home/roger/.npm/unbabel/0.1.0/package
27 silly lockFile 0ee6c175- ./
28 silly lockFile 0ee6c175- ./
29 silly publish { author: { name: 'Roger Graham', email: 'roger.graham.1393@gmail.com' },
29 silly publish   name: 'unbabel',
29 silly publish   description: 'Unbabel API for node',
29 silly publish   version: '0.1.0',
29 silly publish   homepage: 'https://github.com/RDGIII/node-unbabel',
29 silly publish   repository: { type: 'git', url: 'git://github.com/RDGIII/node-unbabel.git' },
29 silly publish   contributors: [ { name: 'Roger Graham', email: 'roger.graham.1393@gmail.com' } ],
29 silly publish   keywords: [ 'translate', 'unbabel translation', 'translations', 'unbabel' ],
29 silly publish   main: 'lib/main.js',
29 silly publish   dependencies: { request: '~2.51.0' },
29 silly publish   devDependencies: {},
29 silly publish   license: 'MIT',
29 silly publish   engines: { node: '>=0.6' },
29 silly publish   bugs: { url: 'https://github.com/RDGIII/node-unbabel/issues' },
29 silly publish   readme: ' ',
29 silly publish   gitHead: '06526fa396f27cca02dfd425d2602692e507425d',
29 silly publish   _id: 'unbabel@0.1.0',
29 silly publish   scripts: {},
29 silly publish   _shasum: '4415c08e6b2276bd65baf922e39ef34b52b3b4dc',
29 silly publish   _from: './' }
30 error need auth auth and email required for publishing
30 error need auth You need to authorize this machine using `npm adduser`
31 error System Linux 3.13.0-44-generic
32 error command "/usr/bin/node" "/usr/bin/npm" "publish" "./"
33 error cwd /home/roger/www/techstars/localizejs/node-unbabel
34 error node -v v0.10.35
35 error npm -v 1.4.28
36 error code ENEEDAUTH
37 verbose exit [ 1, true ]
